  Engine.cpp
  WinMainCommandParameters.cpp
  EngineFactory.cpp
  NovaEngine.cpp
  WindowsEngine.cpp
  simple_io_stream.cpp
  simple_channel.cpp
  simple_connetion.cpp
  simple_connetion_tcp.cpp
  simple_connetion_udp.cpp
  simple_net_drive.cpp
  simple_net_drive_tcp.cpp
  simple_net_drive_udp.cpp
  simple_net_type.cpp
  simple_object.cpp
  simple_cpp_helper_file.cpp
  simple_cpp_string_algorithm.cpp
  simple_image_bmp.cpp
  simple_image.cpp
  math_utils.cpp
  正在生成代码...
  正在编译...
  simple_math.cpp
  soft_rasterization.cpp
  matrix_2x2.cpp
  matrix_3x3.cpp
D:\SourceCode\dx_Game_Engine\NovaEngine\simple_library\public\simple_core_minimal\simple_c_guid\simple_guid.h(20,10): error C1083: 无法打开包括文件: “simple_library/public/simple_core_minimal/simple_c_core/simple_core_minimal.h”: No such file or directory
  matrix_4x3.cpp
  matrix_4x4.cpp
  (编译源文件“Engine/Core/WinMainCommandParameters.cpp”)
  
D:\SourceCode\dx_Game_Engine\NovaEngine\simple_library\public\simple_core_minimal\simple_c_guid\simple_guid.h(20,10): error C1083: 无法打开包括文件: “simple_library/public/simple_core_minimal/simple_c_core/simple_core_minimal.h”: No such file or directory
  (编译源文件“Engine/EngineFactory.cpp”)
  
D:\SourceCode\dx_Game_Engine\NovaEngine\simple_library\public\simple_core_minimal\simple_c_guid\simple_guid.h(20,10): error C1083: 无法打开包括文件: “simple_library/public/simple_core_minimal/simple_c_core/simple_core_minimal.h”: No such file or directory
  (编译源文件“Engine/NovaEngine.cpp”)
  
D:\SourceCode\dx_Game_Engine\NovaEngine\Engine\Platform\WindowsEngine.h(3,10): error C1083: 无法打开包括文件: “../../Core/Engine.h”: No such file or directory
  (编译源文件“Engine/Platform/WindowsEngine.cpp”)
  
D:\SourceCode\dx_Game_Engine\NovaEngine\simple_library\private\simple_channel\simple_io_stream\simple_io_stream.cpp(2,10): error C1083: 无法打开包括文件: “simple_library/public/simple_channel/simple_core/simple_io_stream.h”: No such file or directory
D:\SourceCode\dx_Game_Engine\NovaEngine\simple_library\private\simple_channel\simple_net_channel\simple_channel.cpp(2,10): error C1083: 无法打开包括文件: “simple_library/public/simple_channel/simple_core/simple_channel.h”: No such file or directory
D:\SourceCode\dx_Game_Engine\NovaEngine\simple_library\private\simple_channel\simple_net_connetion\simple_connetion.cpp(2,10): error C1083: 无法打开包括文件: “simple_library/public/simple_channel/simple_core/simple_connetion.h”: No such file or directory
D:\SourceCode\dx_Game_Engine\NovaEngine\simple_library\private\simple_channel\simple_net_drive\simple_net_drive.cpp(2,10): error C1083: 无法打开包括文件: “simple_library/public/simple_channel/simple_net_drive.h”: No such file or directory
D:\SourceCode\dx_Game_Engine\NovaEngine\simple_library\private\simple_channel\simple_net_drive\simple_net_drive_tcp.h(3,10): error C1083: 无法打开包括文件: “simple_library/public/simple_channel/simple_net_drive.h”: No such file or directory
  (编译源文件“simple_library/private/simple_channel/simple_net_drive/simple_net_drive_tcp.cpp”)
  
D:\SourceCode\dx_Game_Engine\NovaEngine\simple_library\public\simple_channel\simple_net_drive.h(3,10): error C1083: 无法打开包括文件: “simple_library/public/simple_core_minimal/simple_c_core/simple_core_minimal.h”: No such file or directory
  (编译源文件“simple_library/private/simple_channel/simple_net_drive/simple_net_drive_udp.cpp”)
  
D:\SourceCode\dx_Game_Engine\NovaEngine\simple_library\private\simple_channel\simple_net_type.cpp(2,10): error C1083: 无法打开包括文件: “simple_library/public/simple_channel/simple_net_type.h”: No such file or directory
D:\SourceCode\dx_Game_Engine\NovaEngine\simple_library\private\simple_cpp_core_minimal\simple_cpp_helper_file\simple_cpp_helper_file.cpp(1,1): warning C4819: 该文件包含不能在当前代码页(936)中表示的字符。请将该文件保存为 Unicode 格式以防止数据丢失
D:\SourceCode\dx_Game_Engine\NovaEngine\simple_library\private\simple_cpp_core_minimal\simple_cpp_helper_file\simple_cpp_helper_file.cpp(5,10): error C1083: 无法打开包括文件: “simple_library/public/simple_cpp_core_minimal/simple_cpp_helper_file/simple_cpp_helper_file.h”: No such file or directory
D:\SourceCode\dx_Game_Engine\NovaEngine\simple_library\private\simple_cpp_core_minimal\simple_cpp_string_algorithm\simple_cpp_string_algorithm.cpp(5,10): error C1083: 无法打开包括文件: “simple_library/public/simple_cpp_core_minimal/simple_cpp_string_algorithm/simple_cpp_string_algorithm.h”: No such file or directory
D:\SourceCode\dx_Game_Engine\NovaEngine\simple_library\private\simple_image\Core\simple_image_bmp.cpp(1,10): error C1083: 无法打开包括文件: “simple_library/public/simple_image/Core/simple_image_bmp.h”: No such file or directory
D:\SourceCode\dx_Game_Engine\NovaEngine\simple_library\private\simple_image\simple_image.cpp(1,10): error C1083: 无法打开包括文件: “simple_library/public/simple_image/simple_image.h”: No such file or directory
D:\SourceCode\dx_Game_Engine\NovaEngine\simple_library\private\simple_math\math_utils.cpp(1,10): error C1083: 无法打开包括文件: “simple_library/public/simple_math/math_utils.h”: No such file or directory
D:\SourceCode\dx_Game_Engine\NovaEngine\simple_library\private\simple_math\simple_math.cpp(1,10): error C1083: 无法打开包括文件: “simple_library/public/simple_math/simple_math.h”: No such file or directory
D:\SourceCode\dx_Game_Engine\NovaEngine\simple_library\private\simple_math\soft_rasterization\soft_rasterization.cpp(1,10): error C1083: 无法打开包括文件: “simple_library/public/simple_math/soft_rasterization/soft_rasterization.h”: No such file or directory
D:\SourceCode\dx_Game_Engine\NovaEngine\simple_library\private\simple_math\transformation\matrix\matrix_2x2.cpp(1,10): error C1083: 无法打开包括文件: “simple_library/public/simple_math/transformation/matrix/matrix_2x2.h”: No such file or directory
D:\SourceCode\dx_Game_Engine\NovaEngine\simple_library\private\simple_math\transformation\matrix\matrix_3x3.cpp(1,10): error C1083: 无法打开包括文件: “simple_library/public/simple_math/transformation/matrix/matrix_3x3.h”: No such file or directory
D:\SourceCode\dx_Game_Engine\NovaEngine\simple_library\private\simple_math\transformation\matrix\matrix_4x3.cpp(1,10): error C1083: 无法打开包括文件: “simple_library/public/simple_math/transformation/matrix/matrix_4x3.h”: No such file or directory
D:\SourceCode\dx_Game_Engine\NovaEngine\simple_library\private\simple_math\transformation\matrix\matrix_4x4.cpp(1,10): error C1083: 无法打开包括文件: “simple_library/public/simple_math/transformation/matrix/matrix_4x4.h”: No such file or directory
  line.cpp
D:\SourceCode\dx_Game_Engine\NovaEngine\simple_library\private\simple_math\transformation\primitives\line.cpp(1,10): error C1083: 无法打开包括文件: “simple_library/public/simple_math/transformation/primitives/line.h”: No such file or directory
  triangle.cpp
D:\SourceCode\dx_Game_Engine\NovaEngine\simple_library\private\simple_math\transformation\primitives\triangle.cpp(1,10): error C1083: 无法打开包括文件: “simple_library/public/simple_math/transformation/primitives/triangle.h”: No such file or directory
  quat.cpp
D:\SourceCode\dx_Game_Engine\NovaEngine\simple_library\private\simple_math\transformation\quaternion\quat.cpp(1,10): error C1083: 无法打开包括文件: “simple_library/public/simple_math/transformation/quaternion/quat.h”: No such file or directory
  rotator.cpp
D:\SourceCode\dx_Game_Engine\NovaEngine\simple_library\private\simple_math\transformation\rotator\rotator.cpp(1,10): error C1083: 无法打开包括文件: “simple_library/public/simple_math/transformation/rotator/rotator.h”: No such file or directory
  vector_2d.cpp
D:\SourceCode\dx_Game_Engine\NovaEngine\simple_library\private\simple_math\transformation\vector\vector_2d.cpp(4,10): error C1083: 无法打开包括文件: “simple_library/public/simple_math/transformation/vector/vector_2d.h”: No such file or directory
  vector_2id.cpp
D:\SourceCode\dx_Game_Engine\NovaEngine\simple_library\private\simple_math\transformation\vector\vector_2id.cpp(1,10): error C1083: 无法打开包括文件: “simple_library/public/simple_math/transformation/vector/vector_2id.h”: No such file or directory
  vector_3d.cpp
D:\SourceCode\dx_Game_Engine\NovaEngine\simple_library\private\simple_math\transformation\vector\vector_3d.cpp(5,10): error C1083: 无法打开包括文件: “simple_library/public/simple_math/transformation/vector/vector_3d.h”: No such file or directory
  vector_3id.cpp
D:\SourceCode\dx_Game_Engine\NovaEngine\simple_library\private\simple_math\transformation\vector\vector_3id.cpp(1,10): error C1083: 无法打开包括文件: “simple_library/public/simple_math/transformation/vector/vector_3id.h”: No such file or directory
  vector_4d.cpp
D:\SourceCode\dx_Game_Engine\NovaEngine\simple_library\private\simple_math\transformation\vector\vector_4d.cpp(5,10): error C1083: 无法打开包括文件: “simple_library/public/simple_math/transformation/vector/vector_4d.h”: No such file or directory
  vector_4id.cpp
D:\SourceCode\dx_Game_Engine\NovaEngine\simple_library\private\simple_math\transformation\vector\vector_4id.cpp(1,10): error C1083: 无法打开包括文件: “simple_library/public/simple_math/transformation/vector/vector_4id.h”: No such file or directory
  vector_color.cpp
D:\SourceCode\dx_Game_Engine\NovaEngine\simple_library\private\simple_math\transformation\vector\vector_color.cpp(1,10): error C1083: 无法打开包括文件: “simple_library/public/simple_math/transformation/vector/vector_color.h”: No such file or directory
  tinystr.cpp
  tinyxml.cpp
  tinyxmlerror.cpp
  正在生成代码...
  正在编译...
  tinyxmlparser.cpp
  正在生成代码...
